\BOOKMARK [1][-]{section.0}{Introduction}{}% 1
\BOOKMARK [1][-]{section.1}{Preprocessing Input File - Question 1}{}% 2
\BOOKMARK [2][-]{subsection.1.1}{Code}{section.1}% 3
\BOOKMARK [2][-]{subsection.1.2}{Additional Steps in Preprocessing}{section.1}% 4
\BOOKMARK [2][-]{subsection.1.3}{Sample Input and Output}{section.1}% 5
\BOOKMARK [1][-]{section.2}{Determining the Given Model's Estimation Method - Question 2}{}% 6
\BOOKMARK [1][-]{section.3}{Trigram Character Language Model - Question 3}{}% 7
\BOOKMARK [2][-]{subsection.3.1}{Trigram Probability Estimation Method}{section.3}% 8
\BOOKMARK [2][-]{subsection.3.2}{Assumptions and Special Cases}{section.3}% 9
\BOOKMARK [2][-]{subsection.3.3}{N-grams with Two Character History `ng' from English Model}{section.3}% 10
\BOOKMARK [3][-]{subsubsection.3.3.1}{Expectations}{subsection.3.3}% 11
\BOOKMARK [3][-]{subsubsection.3.3.2}{Results}{subsection.3.3}% 12
\BOOKMARK [1][-]{section.4}{Random Sequence Generation - Question 4}{}% 13
\BOOKMARK [2][-]{subsection.4.1}{Random Generation Algorithm}{section.4}% 14
\BOOKMARK [2][-]{subsection.4.2}{Sample Outputs}{section.4}% 15
\BOOKMARK [2][-]{subsection.4.3}{Comments}{section.4}% 16
\BOOKMARK [1][-]{section.5}{Perplexity Computation - Question 5}{}% 17
\BOOKMARK [2][-]{subsection.5.1}{Perplexity Computation}{section.5}% 18
\BOOKMARK [2][-]{subsection.5.2}{Testing the Language Models}{section.5}% 19
\BOOKMARK [2][-]{subsection.5.3}{Document Language Determination}{section.5}% 20
\BOOKMARK [2][-]{subsection.5.4}{Effects of Smoothing on Perplexity}{section.5}% 21
\BOOKMARK [1][-]{section.6}{Identifying Document Type - Question 6}{}% 22
\BOOKMARK [1][-]{section.7}{Conclusions}{}% 23
\BOOKMARK [1][-]{section.8}{References}{}% 24
